Arguments: 
  /usr/local/bin/node /usr/local/Cellar/yarn/1.13.0/libexec/bin/yarn.js

PATH: 
  /Users/andrealaw/.cargo/bin:/Users/andrealaw/.nix-profile/bin:/usr/local/bin:/usr/bin:/bin:/usr/sbin:/sbin:/Applications/Postgres.app/Contents/Versions/latest/bin:/Users/andrealaw/workspace/google-cloud-sdk/bin:/Users/andrealaw/.cargo/bin:/Users/andrealaw/.nix-profile/bin

Yarn version: 
  1.13.0

Node version: 
  11.10.1

Platform: 
  darwin x64

Trace: 
  SyntaxError: /Users/andrealaw/workspace/makerdao/dai.js/package.json: Unexpected token < in JSON at position 2
      at JSON.parse (<anonymous>)
      at /usr/local/Cellar/yarn/1.13.0/libexec/lib/cli.js:1625:59
      at Generator.next (<anonymous>)
      at step (/usr/local/Cellar/yarn/1.13.0/libexec/lib/cli.js:304:30)
      at /usr/local/Cellar/yarn/1.13.0/libexec/lib/cli.js:315:13

npm manifest: 
  {
    "name": "@makerdao/dai-plugin-mcd",
    "description": "Plugin to add Multi-Collateral Dai support to dai.js",
    "version": "0.2.8-rc2",
    "license": "MIT",
    "main": "dist",
    "scripts": {
      "prepublishOnly": "./scripts/prepublish.sh",
      "test": "jest --runInBand"
    },
    "peerDependencies": {
      "@makerdao/dai": "^0.16.1"
    },
    "devDependencies": {
      "@makerdao/dai": "^0.16.1"
    },
    "dependencies": {
      "@makerdao/currency": "^0.9.5",
      "@makerdao/services-core": "^0.9.5",
      "bignumber.js": "^8.1.1"
    }
  }

yarn manifest: 
  No manifest

Lockfile: 
  # THIS IS AN AUTOGENERATED FILE. DO NOT EDIT THIS FILE DIRECTLY.
  # yarn lockfile v1
  
  
  "@makerdao/currency@^0.9.5":
    version "0.9.6"
    resolved "https://registry.yarnpkg.com/@makerdao/currency/-/currency-0.9.6.tgz#ff2cac6869de40ed3965137ce08442c390add7a4"
    integrity sha512-V7jepuYI2W1+OgbwJACU2fE+1C2U01GzDWZVxeT9BTJPPSiDsu5jRepHLHaL+HEwIL9e/RmTcJDSgeST0zsOzA==
    dependencies:
      babel-runtime "^6.26.0"
      bignumber.js "^8.1.1"
  
  "@makerdao/services-core@^0.9.5":
    version "0.9.5"
    resolved "https://registry.yarnpkg.com/@makerdao/services-core/-/services-core-0.9.5.tgz#2ab2d4cf056ede36b1b4d2d01cca5ea629b4238b"
    integrity sha512-76OdWkraW1qBp2CP8hezy8MIJT2qjqQYEVuHxmHhUc4lV+VpGogifh5q49do5u6wDKw0TrESccMzNX7E4/VSZA==
    dependencies:
      babel-runtime "^6.26.0"
      lodash.values "^4.3.0"
      toposort "^2.0.2"
  
  babel-runtime@^6.26.0:
    version "6.26.0"
    resolved "https://registry.yarnpkg.com/babel-runtime/-/babel-runtime-6.26.0.tgz#965c7058668e82b55d7bfe04ff2337bc8b5647fe"
    integrity sha1-llxwWGaOgrVde/4E/yM3vItWR/4=
    dependencies:
      core-js "^2.4.0"
      regenerator-runtime "^0.11.0"
  
  bignumber.js@^8.1.1:
    version "8.1.1"
    resolved "https://registry.yarnpkg.com/bignumber.js/-/bignumber.js-8.1.1.tgz#4b072ae5aea9c20f6730e4e5d529df1271c4d885"
    integrity sha512-QD46ppGintwPGuL1KqmwhR0O+N2cZUg8JG/VzwI2e28sM9TqHjQB10lI4QAaMHVbLzwVLLAwEglpKPViWX+5NQ==
  
  core-js@^2.4.0:
    version "2.6.5"
    resolved "https://registry.yarnpkg.com/core-js/-/core-js-2.6.5.tgz#44bc8d249e7fb2ff5d00e0341a7ffb94fbf67895"
    integrity sha512-klh/kDpwX8hryYL14M9w/xei6vrv6sE8gTHDG7/T/+SEovB/G4ejwcfE/CBzO6Edsu+OETZMZ3wcX/EjUkrl5A==
  
  lodash.values@^4.3.0:
    version "4.3.0"
    resolved "https://registry.yarnpkg.com/lodash.values/-/lodash.values-4.3.0.tgz#a3a6c2b0ebecc5c2cba1c17e6e620fe81b53d347"
    integrity sha1-o6bCsOvsxcLLocF+bmIP6BtT00c=
  
  regenerator-runtime@^0.11.0:
    version "0.11.1"
    resolved "https://registry.yarnpkg.com/regenerator-runtime/-/regenerator-runtime-0.11.1.tgz#be05ad7f9bf7d22e056f9726cee5017fbf19e2e9"
    integrity sha512-MguG95oij0fC3QV3URf4V2SDYGJhJnJGqvIIgdECeODCT98wSWDAJ94SSuVpYQUoTcGUIL6L4yNB7j1DFFHSBg==
  
  toposort@^2.0.2:
    version "2.0.2"
    resolved "https://registry.yarnpkg.com/toposort/-/toposort-2.0.2.tgz#ae21768175d1559d48bef35420b2f4962f09c330"
    integrity sha1-riF2gXXRVZ1IvvNUILL0li8JwzA=
